<?xml version="1.0" encoding="UTF-8"?>
<testsuite xmlns:xsi="http://www.w3.org/2001/XMLSchema-instance" xsi:noNamespaceSchemaLocation="https://maven.apache.org/surefire/maven-surefire-plugin/xsd/surefire-test-report-3.0.xsd" version="3.0" name="es.iespuertodelacruz.jc.muchosamuchos.repository.CocheRepositoryTest" time="0.835" tests="5" errors="0" skipped="0" failures="0">
  <properties>
[...]
</properties>
  <testcase name="testFindById" classname="es.iespuertodelacruz.jc.muchosamuchos.repository.CocheRepositoryTest" time="0.055">
    <system-out><![CDATA[Hibernate: 
    select
        coche0_.matricula as matricul1_1_0_,
        coche0_.marca as marca2_1_0_ 
    from
        coches coche0_ 
    where
        coche0_.matricula=?
Hibernate: 
    select
        conductore0_.matricula as matricul1_0_0_,
        conductore0_.idconductor as idconduc2_0_0_,
        conductor1_.id as id1_2_1_,
        conductor1_.nombre as nombre2_2_1_ 
    from
        coche_conductor conductore0_ 
    inner join
        conductores conductor1_ 
            on conductore0_.idconductor=conductor1_.id 
    where
        conductore0_.matricula=?
]]></system-out>
    <system-err><![CDATA[nov 10, 2023 5:59:26 P. M. org.hibernate.jpa.internal.util.LogHelper logPersistenceUnitInformation
INFO: HHH000204: Processing PersistenceUnitInfo [name: TEST]
nov 10, 2023 5:59:26 P. M. org.hibernate.Version logVersion
INFO: HHH000412: Hibernate Core {5.4.3.Final}
nov 10, 2023 5:59:26 P. M. org.hibernate.annotations.common.reflection.java.JavaReflectionManager <clinit>
INFO: HCANN000001: Hibernate Commons Annotations {5.1.0.Final}
nov 10, 2023 5:59:26 P. M. org.hibernate.engine.jdbc.connections.internal.DriverManagerConnectionProviderImpl configure
WARN: HHH10001002: Using Hibernate built-in connection pool (not for production use!)
nov 10, 2023 5:59:26 P. M. org.hibernate.engine.jdbc.connections.internal.DriverManagerConnectionProviderImpl buildCreator
INFO: HHH10001005: using driver [org.h2.Driver] at URL [jdbc:h2:mem:test;DB_CLOSE_ON_EXIT=TRUE;DB_CLOSE_DELAY=0;MODE=Mysql;INIT=RUNSCRIPT FROM 'src/test/resources/muchosamuchos.sql';]
nov 10, 2023 5:59:26 P. M. org.hibernate.engine.jdbc.connections.internal.DriverManagerConnectionProviderImpl buildCreator
INFO: HHH10001001: Connection properties: {}
nov 10, 2023 5:59:26 P. M. org.hibernate.engine.jdbc.connections.internal.DriverManagerConnectionProviderImpl buildCreator
INFO: HHH10001003: Autocommit mode: false
nov 10, 2023 5:59:26 P. M. org.hibernate.engine.jdbc.connections.internal.DriverManagerConnectionProviderImpl$PooledConnections <init>
INFO: HHH000115: Hibernate connection pool size: 20 (min=1)
nov 10, 2023 5:59:26 P. M. org.hibernate.dialect.Dialect <init>
INFO: HHH000400: Using dialect: org.hibernate.dialect.H2Dialect
nov 10, 2023 5:59:26 P. M. org.hibernate.engine.transaction.jta.platform.internal.JtaPlatformInitiator initiateService
INFO: HHH000490: Using JtaPlatform implementation: [org.hibernate.engine.transaction.jta.platform.internal.NoJtaPlatform]
]]></system-err>
  </testcase>
  <testcase name="testFindAll" classname="es.iespuertodelacruz.jc.muchosamuchos.repository.CocheRepositoryTest" time="0.01">
    <system-out><![CDATA[Hibernate: 
    select
        coche0_.matricula as matricul1_1_,
        coche0_.marca as marca2_1_ 
    from
        coches coche0_
Hibernate: 
    select
        conductore0_.matricula as matricul1_0_0_,
        conductore0_.idconductor as idconduc2_0_0_,
        conductor1_.id as id1_2_1_,
        conductor1_.nombre as nombre2_2_1_ 
    from
        coche_conductor conductore0_ 
    inner join
        conductores conductor1_ 
            on conductore0_.idconductor=conductor1_.id 
    where
        conductore0_.matricula=?
Hibernate: 
    select
        conductore0_.matricula as matricul1_0_0_,
        conductore0_.idconductor as idconduc2_0_0_,
        conductor1_.id as id1_2_1_,
        conductor1_.nombre as nombre2_2_1_ 
    from
        coche_conductor conductore0_ 
    inner join
        conductores conductor1_ 
            on conductore0_.idconductor=conductor1_.id 
    where
        conductore0_.matricula=?
]]></system-out>
  </testcase>
  <testcase name="testSave" classname="es.iespuertodelacruz.jc.muchosamuchos.repository.CocheRepositoryTest" time="0.014">
    <system-out><![CDATA[Hibernate: 
    insert 
    into
        coches
        (marca, matricula) 
    values
        (?, ?)
Hibernate: 
    select
        conductor0_.id as id1_2_0_,
        conductor0_.nombre as nombre2_2_0_ 
    from
        conductores conductor0_ 
    where
        conductor0_.id=?
Hibernate: 
    insert 
    into
        coches
        (marca, matricula) 
    values
        (?, ?)
Hibernate: 
    insert 
    into
        coche_conductor
        (matricula, idconductor) 
    values
        (?, ?)
Hibernate: 
    select
        coche0_.matricula as matricul1_1_0_,
        coche0_.marca as marca2_1_0_ 
    from
        coches coche0_ 
    where
        coche0_.matricula=?
Hibernate: 
    select
        conductore0_.matricula as matricul1_0_0_,
        conductore0_.idconductor as idconduc2_0_0_,
        conductor1_.id as id1_2_1_,
        conductor1_.nombre as nombre2_2_1_ 
    from
        coche_conductor conductore0_ 
    inner join
        conductores conductor1_ 
            on conductore0_.idconductor=conductor1_.id 
    where
        conductore0_.matricula=?
[es.iespuertodelacruz.jc.muchosamuchos.entities.Conductor@5700c9db]
]]></system-out>
  </testcase>
  <testcase name="testUpdate" classname="es.iespuertodelacruz.jc.muchosamuchos.repository.CocheRepositoryTest" time="0.005">
    <system-out><![CDATA[Hibernate: 
    select
        coche0_.matricula as matricul1_1_0_,
        coche0_.marca as marca2_1_0_ 
    from
        coches coche0_ 
    where
        coche0_.matricula=?
Hibernate: 
    update
        coches 
    set
        marca=? 
    where
        matricula=?
Hibernate: 
    delete 
    from
        coche_conductor 
    where
        matricula=?
Hibernate: 
    insert 
    into
        coche_conductor
        (matricula, idconductor) 
    values
        (?, ?)
Hibernate: 
    select
        coche0_.matricula as matricul1_1_0_,
        coche0_.marca as marca2_1_0_ 
    from
        coches coche0_ 
    where
        coche0_.matricula=?
Hibernate: 
    select
        conductore0_.matricula as matricul1_0_0_,
        conductore0_.idconductor as idconduc2_0_0_,
        conductor1_.id as id1_2_1_,
        conductor1_.nombre as nombre2_2_1_ 
    from
        coche_conductor conductore0_ 
    inner join
        conductores conductor1_ 
            on conductore0_.idconductor=conductor1_.id 
    where
        conductore0_.matricula=?
]]></system-out>
  </testcase>
  <testcase name="testRemove" classname="es.iespuertodelacruz.jc.muchosamuchos.repository.CocheRepositoryTest" time="0.011">
    <system-out><![CDATA[Hibernate: 
    select
        coche0_.matricula as matricul1_1_0_,
        coche0_.marca as marca2_1_0_ 
    from
        coches coche0_ 
    where
        coche0_.matricula=?
Hibernate: 
    select
        conductore0_.matricula as matricul1_0_0_,
        conductore0_.idconductor as idconduc2_0_0_,
        conductor1_.id as id1_2_1_,
        conductor1_.nombre as nombre2_2_1_ 
    from
        coche_conductor conductore0_ 
    inner join
        conductores conductor1_ 
            on conductore0_.idconductor=conductor1_.id 
    where
        conductore0_.matricula=?
--------------------- [es.iespuertodelacruz.jc.muchosamuchos.entities.Conductor@46fb0c33]
Hibernate: 
    select
        coche0_.matricula as matricul1_1_0_,
        coche0_.marca as marca2_1_0_ 
    from
        coches coche0_ 
    where
        coche0_.matricula=?
Hibernate: 
    select
        conductore0_.matricula as matricul1_0_0_,
        conductore0_.idconductor as idconduc2_0_0_,
        conductor1_.id as id1_2_1_,
        conductor1_.nombre as nombre2_2_1_ 
    from
        coche_conductor conductore0_ 
    inner join
        conductores conductor1_ 
            on conductore0_.idconductor=conductor1_.id 
    where
        conductore0_.matricula=?
Hibernate: 
    delete 
    from
        coche_conductor 
    where
        matricula=?
Hibernate: 
    delete 
    from
        coches 
    where
        matricula=?
Hibernate: 
    select
        coche0_.matricula as matricul1_1_0_,
        coche0_.marca as marca2_1_0_ 
    from
        coches coche0_ 
    where
        coche0_.matricula=?
]]></system-out>
  </testcase>
</testsuite>